0 info it worked if it ends with ok
1 verbose cli [ '/usr/local/bin/node', '/usr/local/bin/npm', 'publish' ]
2 info using npm@3.10.10
3 info using node@v6.10.0
4 verbose publish [ '.' ]
5 silly cache add args [ '.', null ]
6 verbose cache add spec .
7 silly cache add parsed spec Result {
7 silly cache add   raw: '.',
7 silly cache add   scope: null,
7 silly cache add   escapedName: null,
7 silly cache add   name: null,
7 silly cache add   rawSpec: '.',
7 silly cache add   spec: '/Users/kyx/WebstormProjects/kl-react-components',
7 silly cache add   type: 'directory' }
8 verbose addLocalDirectory /Users/kyx/.npm/kl-react-components/0.0.6/package.tgz not in flight; packing
9 verbose correctMkdir /Users/kyx/.npm correctMkdir not in flight; initializing
10 info lifecycle kl-react-components@0.0.6~prepublish: kl-react-components@0.0.6
11 silly lifecycle kl-react-components@0.0.6~prepublish: no script for prepublish, continuing
12 verbose tar pack [ '/Users/kyx/.npm/kl-react-components/0.0.6/package.tgz',
12 verbose tar pack   '/Users/kyx/WebstormProjects/kl-react-components' ]
13 verbose tarball /Users/kyx/.npm/kl-react-components/0.0.6/package.tgz
14 verbose folder /Users/kyx/WebstormProjects/kl-react-components
15 verbose addLocalTarball adding from inside cache /Users/kyx/.npm/kl-react-components/0.0.6/package.tgz
16 verbose correctMkdir /Users/kyx/.npm correctMkdir not in flight; initializing
17 silly cache afterAdd kl-react-components@0.0.6
18 verbose afterAdd /Users/kyx/.npm/kl-react-components/0.0.6/package/package.json not in flight; writing
19 verbose correctMkdir /Users/kyx/.npm correctMkdir not in flight; initializing
20 verbose afterAdd /Users/kyx/.npm/kl-react-components/0.0.6/package/package.json written
21 silly publish { name: 'kl-react-components',
21 silly publish   version: '0.0.6',
21 silly publish   description: '',
21 silly publish   main: './build/bundle.js',
21 silly publish   scripts:
21 silly publish    { test: 'echo "Error: no test specified" && exit 1',
21 silly publish      build: 'webpack',
21 silly publish      start: 'webpack-dev-server --open' },
21 silly publish   files: [ 'build' ],
21 silly publish   repository:
21 silly publish    { type: 'git',
21 silly publish      url: 'git+https://github.com/IloveKFCchicken/kl-react-components.git' },
21 silly publish   author: '',
21 silly publish   license: 'ISC',
21 silly publish   bugs: { url: 'https://github.com/IloveKFCchicken/kl-react-components/issues' },
21 silly publish   homepage: 'https://github.com/IloveKFCchicken/kl-react-components#readme',
21 silly publish   devDependencies:
21 silly publish    { 'babel-core': '^6.26.0',
21 silly publish      'babel-loader': '^7.1.4',
21 silly publish      'babel-preset-env': '^1.6.1',
21 silly publish      'babel-preset-react': '^6.24.1',
21 silly publish      'css-loader': '^0.28.11',
21 silly publish      'html-webpack-plugin': '^3.0.6',
21 silly publish      less: '^3.0.1',
21 silly publish      'less-loader': '^4.1.0',
21 silly publish      phaser: '^3.2.1',
21 silly publish      postcss: '^6.0.21',
21 silly publish      react: '^16.2.0',
21 silly publish      'react-dom': '^16.2.0',
21 silly publish      'react-fa': '^5.0.0',
21 silly publish      webpack: '^4.1.1',
21 silly publish      'webpack-cli': '^2.0.12',
21 silly publish      'webpack-dev-server': '^3.1.1' },
21 silly publish   readme: '# kl-react-components\n## 用于练习一些通用react组件\n### 轮播图\n',
21 silly publish   readmeFilename: 'README.md',
21 silly publish   gitHead: '56f1d169927ce6d8e9f8041cc3ae7cdbba004da6',
21 silly publish   _id: 'kl-react-components@0.0.6',
21 silly publish   _shasum: 'f50cc2bd76df3945c43d4c3a76e4f3b547a926cd',
21 silly publish   _from: '.' }
22 verbose getPublishConfig undefined
23 silly mapToRegistry name kl-react-components
24 silly mapToRegistry using default registry
25 silly mapToRegistry registry https://registry.npmjs.org/
26 silly mapToRegistry data Result {
26 silly mapToRegistry   raw: 'kl-react-components',
26 silly mapToRegistry   scope: null,
26 silly mapToRegistry   escapedName: 'kl-react-components',
26 silly mapToRegistry   name: 'kl-react-components',
26 silly mapToRegistry   rawSpec: '',
26 silly mapToRegistry   spec: 'latest',
26 silly mapToRegistry   type: 'tag' }
27 silly mapToRegistry uri https://registry.npmjs.org/kl-react-components
28 verbose publish registryBase https://registry.npmjs.org/
29 silly publish uploading /Users/kyx/.npm/kl-react-components/0.0.6/package.tgz
30 verbose request uri https://registry.npmjs.org/kl-react-components
31 verbose request sending authorization for write operation
32 info attempt registry request try #1 at 11:03:29 AM
33 verbose request using bearer token for auth
34 verbose request id 77ec81afc6ed99d1
35 http request PUT https://registry.npmjs.org/kl-react-components
36 http 403 https://registry.npmjs.org/kl-react-components
37 verbose headers { 'content-type': 'application/json',
37 verbose headers   'cache-control': 'max-age=300',
37 verbose headers   'content-length': '93',
37 verbose headers   'accept-ranges': 'bytes',
37 verbose headers   date: 'Thu, 12 Apr 2018 03:03:30 GMT',
37 verbose headers   via: '1.1 varnish',
37 verbose headers   connection: 'keep-alive',
37 verbose headers   'x-served-by': 'cache-nrt6144-NRT',
37 verbose headers   'x-cache': 'MISS',
37 verbose headers   'x-cache-hits': '0',
37 verbose headers   'x-timer': 'S1523502210.349070,VS0,VE268',
37 verbose headers   vary: 'Accept-Encoding, Accept' }
38 verbose request invalidating /Users/kyx/.npm/registry.npmjs.org/kl-react-components on PUT
39 error publish Failed PUT 403
40 verbose stack Error: You cannot publish over the previously published versions: 0.0.6. : kl-react-components
40 verbose stack     at makeError (/usr/local/lib/node_modules/npm/node_modules/npm-registry-client/lib/request.js:302:12)
40 verbose stack     at CachingRegistryClient.<anonymous> (/usr/local/lib/node_modules/npm/node_modules/npm-registry-client/lib/request.js:290:14)
40 verbose stack     at Request._callback (/usr/local/lib/node_modules/npm/node_modules/npm-registry-client/lib/request.js:210:14)
40 verbose stack     at Request.self.callback (/usr/local/lib/node_modules/npm/node_modules/request/request.js:187:22)
40 verbose stack     at emitTwo (events.js:106:13)
40 verbose stack     at Request.emit (events.js:191:7)
40 verbose stack     at Request.<anonymous> (/usr/local/lib/node_modules/npm/node_modules/request/request.js:1048:10)
40 verbose stack     at emitOne (events.js:96:13)
40 verbose stack     at Request.emit (events.js:188:7)
40 verbose stack     at IncomingMessage.<anonymous> (/usr/local/lib/node_modules/npm/node_modules/request/request.js:969:12)
41 verbose statusCode 403
42 verbose pkgid kl-react-components
43 verbose cwd /Users/kyx/WebstormProjects/kl-react-components
44 error Darwin 16.7.0
45 error argv "/usr/local/bin/node" "/usr/local/bin/npm" "publish"
46 error node v6.10.0
47 error npm  v3.10.10
48 error code E403
49 error You cannot publish over the previously published versions: 0.0.6. : kl-react-components
50 error If you need help, you may report this error at:
50 error     <https://github.com/npm/npm/issues>
51 verbose exit [ 1, true ]
